  Reference Point [Bohr]           0.00000000    0.00000000    0.00000000
  Charges
    Electronic=    -16.00000000    Core=    16.00000000    Total=     -0.00000000
  Dipoles are based on the traditional operator.
  Dipole moment [Debye]
    X=    2.40722218 Y=   -0.02963508 Z=    0.01727122     Total=      2.40746654
  Reference Point [Bohr]           0.00000000    0.00000000    0.00000000
  Charges
    Electronic=    -16.00000000    Core=    16.00000000    Total=     -0.00000000
  Dipoles are based on the traditional operator.
  Dipole moment [Debye]
    X=    2.53334030 Y=   -0.02596181 Z=    0.02012174     Total=      2.53355323
  Reference Point [Bohr]           0.00000000    0.00000000    0.00000000
  Charges
    Electronic=    -16.00000000    Core=    16.00000000    Total=     -0.00000000
  Dipoles are based on the traditional operator.
  Dipole moment [Debye]
    X=    2.55778373 Y=   -0.02996214 Z=    0.03039262     Total=      2.55813977
  Reference Point [Bohr]           0.00000000    0.00000000    0.00000000
  Charges
    Electronic=    -16.00000000    Core=    16.00000000    Total=     -0.00000000
  Dipoles are based on the traditional operator.
  Dipole moment [Debye]
    X=    2.58603145 Y=   -0.03013288 Z=    0.04960977     Total=      2.58668278
  Reference Point [Bohr]           0.00000000    0.00000000    0.00000000
  Charges
    Electronic=    -16.00000000    Core=    16.00000000    Total=      0.00000000
  Dipoles are based on the traditional operator.
  Dipole moment [Debye]
    X=    2.63176256 Y=   -0.03702991 Z=    0.10224760     Total=      2.63400834
  Reference Point [Bohr]           0.00000000    0.00000000    0.00000000
  Charges
    Electronic=    -16.00000000    Core=    16.00000000    Total=      0.00000000
  Dipoles are based on the traditional operator.
  Dipole moment [Debye]
    X=    2.58007255 Y=   -0.03217761 Z=    0.05694387     Total=      2.58090146
  Reference Point [Bohr]           0.00000000    0.00000000    0.00000000
  Charges
    Electronic=    -16.00000000    Core=    16.00000000    Total=      0.00000000
  Dipoles are based on the traditional operator.
  Dipole moment [Debye]
    X=    2.58991979 Y=   -0.03101751 Z=    0.04978311     Total=      2.59058390
  Reference Point [Bohr]           0.00000000    0.00000000    0.00000000
  Charges
    Electronic=    -16.00000000    Core=    16.00000000    Total=     -0.00000000
  Dipoles are based on the traditional operator.
  Dipole moment [Debye]
    X=    2.58721202 Y=   -0.03493521 Z=    0.04661028     Total=      2.58786766
  Reference Point [Bohr]           0.00000000    0.00000000    0.00000000
  Charges
    Electronic=    -16.00000000    Core=    16.00000000    Total=     -0.00000000
  Dipoles are based on the traditional operator.
  Dipole moment [Debye]
    X=    2.59815578 Y=   -0.02816579 Z=    0.04299929     Total=      2.59866422
  Reference Point [Bohr]           0.00000000    0.00000000    0.00000000
  Charges
    Electronic=    -16.00000000    Core=    16.00000000    Total=      0.00000000
  Dipoles are based on the traditional operator.
  Dipole moment [Debye]
    X=    2.58364245 Y=   -0.02844685 Z=    0.03599664     Total=      2.58404978
  Reference Point [Bohr]           0.00000000    0.00000000    0.00000000
  Charges
    Electronic=    -16.00000000    Core=    16.00000000    Total=     -0.00000000
  Dipoles are based on the traditional operator.
  Dipole moment [Debye]
    X=    2.58803527 Y=   -0.02853602 Z=    0.03696336     Total=      2.58845652
  Reference Point [Bohr]           0.00000000    0.00000000    0.00000000
  Charges
    Electronic=    -16.00000000    Core=    16.00000000    Total=      0.00000000
  Dipoles are based on the traditional operator.
  Dipole moment [Debye]
    X=    2.58817877 Y=   -0.02711652 Z=    0.03500305     Total=      2.58855748
  Reference Point [Bohr]           0.00000000    0.00000000    0.00000000
  Charges
    Electronic=    -16.00000000    Core=    16.00000000    Total=      0.00000000
  Dipoles are based on the traditional operator.
  Dipole moment [Debye]
    X=    2.58817782 Y=   -0.02711680 Z=    0.03500699     Total=      2.58855659
