  Reference Point [Bohr]           0.00000000    0.00000000    0.00000000
  Charges
    Electronic=    -16.00000000    Core=    16.00000000    Total=      0.00000000
  Dipoles are based on the traditional operator.
  Dipole moment [Debye]
    X=    2.49807091 Y=   -0.03080641 Z=    0.01463139     Total=      2.49830370
  Reference Point [Bohr]           0.00000000    0.00000000    0.00000000
  Charges
    Electronic=    -16.00000000    Core=    16.00000000    Total=     -0.00000000
  Dipoles are based on the traditional operator.
  Dipole moment [Debye]
    X=    2.66617578 Y=   -0.03018558 Z=    0.03641315     Total=      2.66659528
  Reference Point [Bohr]           0.00000000    0.00000000    0.00000000
  Charges
    Electronic=    -16.00000000    Core=    16.00000000    Total=      0.00000000
  Dipoles are based on the traditional operator.
  Dipole moment [Debye]
    X=    2.78349861 Y=   -0.03132352 Z=    0.09525531     Total=      2.78530416
  Reference Point [Bohr]           0.00000000    0.00000000    0.00000000
  Charges
    Electronic=    -16.00000000    Core=    16.00000000    Total=      0.00000000
  Dipoles are based on the traditional operator.
  Dipole moment [Debye]
    X=    2.88401681 Y=   -0.03302174 Z=    0.12748874     Total=      2.88702213
  Reference Point [Bohr]           0.00000000    0.00000000    0.00000000
  Charges
    Electronic=    -16.00000000    Core=    16.00000000    Total=      0.00000000
  Dipoles are based on the traditional operator.
  Dipole moment [Debye]
    X=    3.89344930 Y=   -0.04745818 Z=    0.45930202     Total=      3.92073438
  Reference Point [Bohr]           0.00000000    0.00000000    0.00000000
  Charges
    Electronic=    -16.00000000    Core=    16.00000000    Total=      0.00000000
  Dipoles are based on the traditional operator.
  Dipole moment [Debye]
    X=    2.94979639 Y=   -0.03423639 Z=    0.14829591     Total=      2.95372012
  Reference Point [Bohr]           0.00000000    0.00000000    0.00000000
  Charges
    Electronic=    -16.00000000    Core=    16.00000000    Total=     -0.00000000
  Dipoles are based on the traditional operator.
  Dipole moment [Debye]
    X=    2.97842113 Y=   -0.03533254 Z=    0.15667887     Total=      2.98274858
  Reference Point [Bohr]           0.00000000    0.00000000    0.00000000
  Charges
    Electronic=    -16.00000000    Core=    16.00000000    Total=     -0.00000000
  Dipoles are based on the traditional operator.
  Dipole moment [Debye]
    X=    2.96805074 Y=   -0.03528417 Z=    0.14692411     Total=      2.97189449
  Reference Point [Bohr]           0.00000000    0.00000000    0.00000000
  Charges
    Electronic=    -16.00000000    Core=    16.00000000    Total=      0.00000000
  Dipoles are based on the traditional operator.
  Dipole moment [Debye]
    X=    2.92580612 Y=   -0.02953133 Z=    0.11888179     Total=      2.92836924
  Reference Point [Bohr]           0.00000000    0.00000000    0.00000000
  Charges
    Electronic=    -16.00000000    Core=    16.00000000    Total=     -0.00000000
  Dipoles are based on the traditional operator.
  Dipole moment [Debye]
    X=    2.92141857 Y=   -0.02907183 Z=    0.11322871     Total=      2.92375655
  Reference Point [Bohr]           0.00000000    0.00000000    0.00000000
  Charges
    Electronic=    -16.00000000    Core=    16.00000000    Total=      0.00000000
  Dipoles are based on the traditional operator.
  Dipole moment [Debye]
    X=    2.90051169 Y=   -0.02375115 Z=    0.08378603     Total=      2.90181879
  Reference Point [Bohr]           0.00000000    0.00000000    0.00000000
  Charges
    Electronic=    -16.00000000    Core=    16.00000000    Total=     -0.00000000
  Dipoles are based on the traditional operator.
  Dipole moment [Debye]
    X=    2.88502624 Y=   -0.01707632 Z=    0.04849048     Total=      2.88548425
  Reference Point [Bohr]           0.00000000    0.00000000    0.00000000
  Charges
    Electronic=    -16.00000000    Core=    16.00000000    Total=     -0.00000000
  Dipoles are based on the traditional operator.
  Dipole moment [Debye]
    X=    2.88920183 Y=   -0.01587133 Z=    0.04143981     Total=      2.88954259
  Reference Point [Bohr]           0.00000000    0.00000000    0.00000000
  Charges
    Electronic=    -16.00000000    Core=    16.00000000    Total=     -0.00000000
  Dipoles are based on the traditional operator.
  Dipole moment [Debye]
    X=    2.89120702 Y=   -0.01503971 Z=    0.02575335     Total=      2.89136083
  Reference Point [Bohr]           0.00000000    0.00000000    0.00000000
  Charges
    Electronic=    -16.00000000    Core=    16.00000000    Total=     -0.00000000
  Dipoles are based on the traditional operator.
  Dipole moment [Debye]
    X=    2.88059096 Y=   -0.01503413 Z=    0.02152313     Total=      2.88071059
  Reference Point [Bohr]           0.00000000    0.00000000    0.00000000
  Charges
    Electronic=    -16.00000000    Core=    16.00000000    Total=      0.00000000
  Dipoles are based on the traditional operator.
  Dipole moment [Debye]
    X=    2.87443868 Y=   -0.01569667 Z=    0.01939625     Total=      2.87454697
  Reference Point [Bohr]           0.00000000    0.00000000    0.00000000
  Charges
    Electronic=    -16.00000000    Core=    16.00000000    Total=      0.00000000
  Dipoles are based on the traditional operator.
  Dipole moment [Debye]
    X=    2.87443810 Y=   -0.01569692 Z=    0.01939607     Total=      2.87454640
