  Reference Point [Bohr]           0.00000000    0.00000000    0.00000000
  Charges
    Electronic=    -16.00000000    Core=    16.00000000    Total=     -0.00000000
  Dipoles are based on the traditional operator.
  Dipole moment [Debye]
    X=    2.34236830 Y=   -0.02850852 Z=   -0.00868706     Total=      2.34255788
  Reference Point [Bohr]           0.00000000    0.00000000    0.00000000
  Charges
    Electronic=    -16.00000000    Core=    16.00000000    Total=     -0.00000000
  Dipoles are based on the traditional operator.
  Dipole moment [Debye]
    X=    2.41800317 Y=   -0.05865543 Z=   -0.00681886     Total=      2.41872411
  Reference Point [Bohr]           0.00000000    0.00000000    0.00000000
  Charges
    Electronic=    -16.00000000    Core=    16.00000000    Total=     -0.00000000
  Dipoles are based on the traditional operator.
  Dipole moment [Debye]
    X=    2.49467815 Y=   -0.08633794 Z=   -0.00448910     Total=      2.49617577
  Reference Point [Bohr]           0.00000000    0.00000000    0.00000000
  Charges
    Electronic=    -16.00000000    Core=    16.00000000    Total=      0.00000000
  Dipoles are based on the traditional operator.
  Dipole moment [Debye]
    X=    2.56691117 Y=   -0.10929046 Z=   -0.00086814     Total=      2.56923687
  Reference Point [Bohr]           0.00000000    0.00000000    0.00000000
  Charges
    Electronic=    -16.00000000    Core=    16.00000000    Total=     -0.00000000
  Dipoles are based on the traditional operator.
  Dipole moment [Debye]
    X=    2.63495188 Y=   -0.12772759 Z=    0.00468978     Total=      2.63804999
  Reference Point [Bohr]           0.00000000    0.00000000    0.00000000
  Charges
    Electronic=    -16.00000000    Core=    16.00000000    Total=     -0.00000000
  Dipoles are based on the traditional operator.
  Dipole moment [Debye]
    X=    2.69515536 Y=   -0.14115607 Z=    0.01240552     Total=      2.69887780
  Reference Point [Bohr]           0.00000000    0.00000000    0.00000000
  Charges
    Electronic=    -16.00000000    Core=    16.00000000    Total=      0.00000000
  Dipoles are based on the traditional operator.
  Dipole moment [Debye]
    X=    2.74985807 Y=   -0.15083866 Z=    0.02276594     Total=      2.75408606
  Reference Point [Bohr]           0.00000000    0.00000000    0.00000000
  Charges
    Electronic=    -16.00000000    Core=    16.00000000    Total=      0.00000000
  Dipoles are based on the traditional operator.
  Dipole moment [Debye]
    X=    2.79589346 Y=   -0.15720373 Z=    0.03522362     Total=      2.80053101
  Reference Point [Bohr]           0.00000000    0.00000000    0.00000000
  Charges
    Electronic=    -16.00000000    Core=    16.00000000    Total=     -0.00000000
  Dipoles are based on the traditional operator.
  Dipole moment [Debye]
    X=    2.83193412 Y=   -0.16120656 Z=    0.04886309     Total=      2.83693955
  Reference Point [Bohr]           0.00000000    0.00000000    0.00000000
  Charges
    Electronic=    -16.00000000    Core=    16.00000000    Total=      0.00000000
  Dipoles are based on the traditional operator.
  Dipole moment [Debye]
    X=    2.86173923 Y=   -0.16440884 Z=    0.06431795     Total=      2.86717954
  Reference Point [Bohr]           0.00000000    0.00000000    0.00000000
  Charges
    Electronic=    -16.00000000    Core=    16.00000000    Total=      0.00000000
  Dipoles are based on the traditional operator.
  Dipole moment [Debye]
    X=    2.88413929 Y=   -0.16777703 Z=    0.07980534     Total=      2.89011721
  Reference Point [Bohr]           0.00000000    0.00000000    0.00000000
  Charges
    Electronic=    -16.00000000    Core=    16.00000000    Total=      0.00000000
  Dipoles are based on the traditional operator.
  Dipole moment [Debye]
    X=    2.90289412 Y=   -0.17269392 Z=    0.09595538     Total=      2.90960906
  Reference Point [Bohr]           0.00000000    0.00000000    0.00000000
  Charges
    Electronic=    -16.00000000    Core=    16.00000000    Total=     -0.00000000
  Dipoles are based on the traditional operator.
  Dipole moment [Debye]
    X=    2.91990302 Y=   -0.18018003 Z=    0.11214593     Total=      2.92760571
  Reference Point [Bohr]           0.00000000    0.00000000    0.00000000
  Charges
    Electronic=    -16.00000000    Core=    16.00000000    Total=      0.00000000
  Dipoles are based on the traditional operator.
  Dipole moment [Debye]
    X=    2.93650110 Y=   -0.19067692 Z=    0.12726801     Total=      2.94543605
  Reference Point [Bohr]           0.00000000    0.00000000    0.00000000
  Charges
    Electronic=    -16.00000000    Core=    16.00000000    Total=     -0.00000000
  Dipoles are based on the traditional operator.
  Dipole moment [Debye]
    X=    2.95706868 Y=   -0.20625181 Z=    0.14302567     Total=      2.96770136
  Reference Point [Bohr]           0.00000000    0.00000000    0.00000000
  Charges
    Electronic=    -16.00000000    Core=    16.00000000    Total=     -0.00000000
  Dipoles are based on the traditional operator.
  Dipole moment [Debye]
    X=    2.98059890 Y=   -0.22499137 Z=    0.15718696     Total=      2.99320876
  Reference Point [Bohr]           0.00000000    0.00000000    0.00000000
  Charges
    Electronic=    -16.00000000    Core=    16.00000000    Total=     -0.00000000
  Dipoles are based on the traditional operator.
  Dipole moment [Debye]
    X=    3.00947232 Y=   -0.24752082 Z=    0.17071081     Total=      3.02445571
  Reference Point [Bohr]           0.00000000    0.00000000    0.00000000
  Charges
    Electronic=    -16.00000000    Core=    16.00000000    Total=      0.00000000
  Dipoles are based on the traditional operator.
  Dipole moment [Debye]
    X=    3.04264988 Y=   -0.27183064 Z=    0.18331435     Total=      3.06026377
  Reference Point [Bohr]           0.00000000    0.00000000    0.00000000
  Charges
    Electronic=    -16.00000000    Core=    16.00000000    Total=      0.00000000
  Dipoles are based on the traditional operator.
  Dipole moment [Debye]
    X=    3.07791780 Y=   -0.29539479 Z=    0.19502031     Total=      3.09820415
  Reference Point [Bohr]           0.00000000    0.00000000    0.00000000
  Charges
    Electronic=    -16.00000000    Core=    16.00000000    Total=      0.00000000
  Dipoles are based on the traditional operator.
  Dipole moment [Debye]
    X=    3.11704588 Y=   -0.31882435 Z=    0.20764356     Total=      3.14018150
  Reference Point [Bohr]           0.00000000    0.00000000    0.00000000
  Charges
    Electronic=    -16.00000000    Core=    16.00000000    Total=      0.00000000
  Dipoles are based on the traditional operator.
  Dipole moment [Debye]
    X=    3.15812135 Y=   -0.34051328 Z=    0.22178956     Total=      3.18415928
  Reference Point [Bohr]           0.00000000    0.00000000    0.00000000
  Charges
    Electronic=    -16.00000000    Core=    16.00000000    Total=      0.00000000
  Dipoles are based on the traditional operator.
  Dipole moment [Debye]
    X=    3.19864145 Y=   -0.35905991 Z=    0.23805017     Total=      3.22752212
  Reference Point [Bohr]           0.00000000    0.00000000    0.00000000
  Charges
    Electronic=    -16.00000000    Core=    16.00000000    Total=      0.00000000
  Dipoles are based on the traditional operator.
  Dipole moment [Debye]
    X=    3.23664849 Y=   -0.37373500 Z=    0.25710353     Total=      3.26828296
  Reference Point [Bohr]           0.00000000    0.00000000    0.00000000
  Charges
    Electronic=    -16.00000000    Core=    16.00000000    Total=     -0.00000000
  Dipoles are based on the traditional operator.
  Dipole moment [Debye]
    X=    3.26916486 Y=   -0.38381555 Z=    0.27863041     Total=      3.30339041
  Reference Point [Bohr]           0.00000000    0.00000000    0.00000000
  Charges
    Electronic=    -16.00000000    Core=    16.00000000    Total=      0.00000000
  Dipoles are based on the traditional operator.
  Dipole moment [Debye]
    X=    3.29430177 Y=   -0.38941421 Z=    0.30229235     Total=      3.33098307
  Reference Point [Bohr]           0.00000000    0.00000000    0.00000000
  Charges
    Electronic=    -16.00000000    Core=    16.00000000    Total=      0.00000000
  Dipoles are based on the traditional operator.
  Dipole moment [Debye]
    X=    3.31169276 Y=   -0.39131209 Z=    0.32827385     Total=      3.35085031
  Reference Point [Bohr]           0.00000000    0.00000000    0.00000000
  Charges
    Electronic=    -16.00000000    Core=    16.00000000    Total=      0.00000000
  Dipoles are based on the traditional operator.
  Dipole moment [Debye]
    X=    3.32160297 Y=   -0.39049006 Z=    0.35676720     Total=      3.36345233
  Reference Point [Bohr]           0.00000000    0.00000000    0.00000000
  Charges
    Electronic=    -16.00000000    Core=    16.00000000    Total=     -0.00000000
  Dipoles are based on the traditional operator.
  Dipole moment [Debye]
    X=    3.32397016 Y=   -0.38836122 Z=    0.38452313     Total=      3.36859913
  Reference Point [Bohr]           0.00000000    0.00000000    0.00000000
  Charges
    Electronic=    -16.00000000    Core=    16.00000000    Total=      0.00000000
  Dipoles are based on the traditional operator.
  Dipole moment [Debye]
    X=    3.32061350 Y=   -0.38607869 Z=    0.41408344     Total=      3.36853022
  Reference Point [Bohr]           0.00000000    0.00000000    0.00000000
  Charges
    Electronic=    -16.00000000    Core=    16.00000000    Total=      0.00000000
  Dipoles are based on the traditional operator.
  Dipole moment [Debye]
    X=    3.31385327 Y=   -0.38527786 Z=    0.44250569     Total=      3.36539356
  Reference Point [Bohr]           0.00000000    0.00000000    0.00000000
  Charges
    Electronic=    -16.00000000    Core=    16.00000000    Total=      0.00000000
  Dipoles are based on the traditional operator.
  Dipole moment [Debye]
    X=    3.30634469 Y=   -0.38716158 Z=    0.46857970     Total=      3.36175196
  Reference Point [Bohr]           0.00000000    0.00000000    0.00000000
  Charges
    Electronic=    -16.00000000    Core=    16.00000000    Total=      0.00000000
  Dipoles are based on the traditional operator.
  Dipole moment [Debye]
    X=    3.29989274 Y=   -0.39284475 Z=    0.49440466     Total=      3.35977009
  Reference Point [Bohr]           0.00000000    0.00000000    0.00000000
  Charges
    Electronic=    -16.00000000    Core=    16.00000000    Total=      0.00000000
  Dipoles are based on the traditional operator.
  Dipole moment [Debye]
    X=    3.29731915 Y=   -0.40243270 Z=    0.51805478     Total=      3.36194086
  Reference Point [Bohr]           0.00000000    0.00000000    0.00000000
  Charges
    Electronic=    -16.00000000    Core=    16.00000000    Total=      0.00000000
  Dipoles are based on the traditional operator.
  Dipole moment [Debye]
    X=    3.30051217 Y=   -0.41703471 Z=    0.54225674     Total=      3.37065882
  Reference Point [Bohr]           0.00000000    0.00000000    0.00000000
  Charges
    Electronic=    -16.00000000    Core=    16.00000000    Total=     -0.00000000
  Dipoles are based on the traditional operator.
  Dipole moment [Debye]
    X=    3.31152149 Y=   -0.43610125 Z=    0.56718523     Total=      3.38792827
  Reference Point [Bohr]           0.00000000    0.00000000    0.00000000
  Charges
    Electronic=    -16.00000000    Core=    16.00000000    Total=      0.00000000
  Dipoles are based on the traditional operator.
  Dipole moment [Debye]
    X=    3.33094100 Y=   -0.45719916 Z=    0.59187232     Total=      3.41387051
  Reference Point [Bohr]           0.00000000    0.00000000    0.00000000
  Charges
    Electronic=    -16.00000000    Core=    16.00000000    Total=      0.00000000
  Dipoles are based on the traditional operator.
  Dipole moment [Debye]
    X=    3.36036597 Y=   -0.47984444 Z=    0.61859539     Total=      3.45035801
  Reference Point [Bohr]           0.00000000    0.00000000    0.00000000
  Charges
    Electronic=    -16.00000000    Core=    16.00000000    Total=     -0.00000000
  Dipoles are based on the traditional operator.
  Dipole moment [Debye]
    X=    3.39631260 Y=   -0.49998307 Z=    0.64562815     Total=      3.49310149
  Reference Point [Bohr]           0.00000000    0.00000000    0.00000000
  Charges
    Electronic=    -16.00000000    Core=    16.00000000    Total=     -0.00000000
  Dipoles are based on the traditional operator.
  Dipole moment [Debye]
    X=    3.43824578 Y=   -0.51664475 Z=    0.67432732     Total=      3.54163425
  Reference Point [Bohr]           0.00000000    0.00000000    0.00000000
  Charges
    Electronic=    -16.00000000    Core=    16.00000000    Total=     -0.00000000
  Dipoles are based on the traditional operator.
  Dipole moment [Debye]
    X=    3.48433691 Y=   -0.52895504 Z=    0.70520221     Total=      3.59412121
  Reference Point [Bohr]           0.00000000    0.00000000    0.00000000
  Charges
    Electronic=    -16.00000000    Core=    16.00000000    Total=      0.00000000
  Dipoles are based on the traditional operator.
  Dipole moment [Debye]
    X=    3.52987916 Y=   -0.53612220 Z=    0.73668505     Total=      3.64556974
  Reference Point [Bohr]           0.00000000    0.00000000    0.00000000
  Charges
    Electronic=    -16.00000000    Core=    16.00000000    Total=     -0.00000000
  Dipoles are based on the traditional operator.
  Dipole moment [Debye]
    X=    3.57618536 Y=   -0.53921183 Z=    0.77105865     Total=      3.69788894
  Reference Point [Bohr]           0.00000000    0.00000000    0.00000000
  Charges
    Electronic=    -16.00000000    Core=    16.00000000    Total=     -0.00000000
  Dipoles are based on the traditional operator.
  Dipole moment [Debye]
    X=    3.61927832 Y=   -0.53884685 Z=    0.80643911     Total=      3.74698219
  Reference Point [Bohr]           0.00000000    0.00000000    0.00000000
  Charges
    Electronic=    -16.00000000    Core=    16.00000000    Total=      0.00000000
  Dipoles are based on the traditional operator.
  Dipole moment [Debye]
    X=    3.65943825 Y=   -0.53611005 Z=    0.84396484     Total=      3.79357073
  Reference Point [Bohr]           0.00000000    0.00000000    0.00000000
  Charges
    Electronic=    -16.00000000    Core=    16.00000000    Total=      0.00000000
  Dipoles are based on the traditional operator.
  Dipole moment [Debye]
    X=    3.69387159 Y=   -0.53231728 Z=    0.88172612     Total=      3.83477378
  Reference Point [Bohr]           0.00000000    0.00000000    0.00000000
  Charges
    Electronic=    -16.00000000    Core=    16.00000000    Total=     -0.00000000
  Dipoles are based on the traditional operator.
  Dipole moment [Debye]
    X=    3.72152685 Y=   -0.52882569 Z=    0.91882986     Total=      3.86958228
  Reference Point [Bohr]           0.00000000    0.00000000    0.00000000
  Charges
    Electronic=    -16.00000000    Core=    16.00000000    Total=      0.00000000
  Dipoles are based on the traditional operator.
  Dipole moment [Debye]
    X=    3.74210317 Y=   -0.52666378 Z=    0.95438854     Total=      3.89763625
  Reference Point [Bohr]           0.00000000    0.00000000    0.00000000
  Charges
    Electronic=    -16.00000000    Core=    16.00000000    Total=      0.00000000
  Dipoles are based on the traditional operator.
  Dipole moment [Debye]
    X=    3.75635904 Y=   -0.52667351 Z=    0.98842640     Total=      3.91977103
  Reference Point [Bohr]           0.00000000    0.00000000    0.00000000
  Charges
    Electronic=    -16.00000000    Core=    16.00000000    Total=      0.00000000
  Dipoles are based on the traditional operator.
  Dipole moment [Debye]
    X=    3.76533220 Y=   -0.52955199 Z=    1.02087251     Total=      3.93704617
  Reference Point [Bohr]           0.00000000    0.00000000    0.00000000
  Charges
    Electronic=    -16.00000000    Core=    16.00000000    Total=     -0.00000000
  Dipoles are based on the traditional operator.
  Dipole moment [Debye]
    X=    3.77021321 Y=   -0.53536043 Z=    1.05081551     Total=      3.95035842
  Reference Point [Bohr]           0.00000000    0.00000000    0.00000000
  Charges
    Electronic=    -16.00000000    Core=    16.00000000    Total=      0.00000000
  Dipoles are based on the traditional operator.
  Dipole moment [Debye]
    X=    3.77279144 Y=   -0.54414123 Z=    1.07944752     Total=      3.96172335
  Reference Point [Bohr]           0.00000000    0.00000000    0.00000000
  Charges
    Electronic=    -16.00000000    Core=    16.00000000    Total=      0.00000000
  Dipoles are based on the traditional operator.
  Dipole moment [Debye]
    X=    3.77459878 Y=   -0.55505824 Z=    1.10590263     Total=      3.97224197
  Reference Point [Bohr]           0.00000000    0.00000000    0.00000000
  Charges
    Electronic=    -16.00000000    Core=    16.00000000    Total=      0.00000000
  Dipoles are based on the traditional operator.
  Dipole moment [Debye]
    X=    3.77712228 Y=   -0.56723374 Z=    1.13123884     Total=      3.98347940
  Reference Point [Bohr]           0.00000000    0.00000000    0.00000000
  Charges
    Electronic=    -16.00000000    Core=    16.00000000    Total=     -0.00000000
  Dipoles are based on the traditional operator.
  Dipole moment [Debye]
    X=    3.78147075 Y=   -0.57966894 Z=    1.15639359     Total=      3.99659645
  Reference Point [Bohr]           0.00000000    0.00000000    0.00000000
  Charges
    Electronic=    -16.00000000    Core=    16.00000000    Total=     -0.00000000
  Dipoles are based on the traditional operator.
  Dipole moment [Debye]
    X=    3.78791810 Y=   -0.59025904 Z=    1.18069468     Total=      4.01133011
  Reference Point [Bohr]           0.00000000    0.00000000    0.00000000
  Charges
    Electronic=    -16.00000000    Core=    16.00000000    Total=      0.00000000
  Dipoles are based on the traditional operator.
  Dipole moment [Debye]
    X=    3.79673641 Y=   -0.59848980 Z=    1.20616823     Total=      4.02842888
  Reference Point [Bohr]           0.00000000    0.00000000    0.00000000
  Charges
    Electronic=    -16.00000000    Core=    16.00000000    Total=      0.00000000
  Dipoles are based on the traditional operator.
  Dipole moment [Debye]
    X=    3.80650196 Y=   -0.60274442 Z=    1.23123007     Total=      4.04582322
  Reference Point [Bohr]           0.00000000    0.00000000    0.00000000
  Charges
    Electronic=    -16.00000000    Core=    16.00000000    Total=     -0.00000000
  Dipoles are based on the traditional operator.
  Dipole moment [Debye]
    X=    3.81661209 Y=   -0.60294165 Z=    1.25756031     Total=      4.06343751
  Reference Point [Bohr]           0.00000000    0.00000000    0.00000000
  Charges
    Electronic=    -16.00000000    Core=    16.00000000    Total=      0.00000000
  Dipoles are based on the traditional operator.
  Dipole moment [Debye]
    X=    3.82541169 Y=   -0.59890308 Z=    1.28487834     Total=      4.07962888
  Reference Point [Bohr]           0.00000000    0.00000000    0.00000000
  Charges
    Electronic=    -16.00000000    Core=    16.00000000    Total=      0.00000000
  Dipoles are based on the traditional operator.
  Dipole moment [Debye]
    X=    3.83106597 Y=   -0.59108852 Z=    1.31245966     Total=      4.09255452
  Reference Point [Bohr]           0.00000000    0.00000000    0.00000000
  Charges
    Electronic=    -16.00000000    Core=    16.00000000    Total=      0.00000000
  Dipoles are based on the traditional operator.
  Dipole moment [Debye]
    X=    3.83176994 Y=   -0.58056680 Z=    1.33845031     Total=      4.10011804
  Reference Point [Bohr]           0.00000000    0.00000000    0.00000000
  Charges
    Electronic=    -16.00000000    Core=    16.00000000    Total=     -0.00000000
  Dipoles are based on the traditional operator.
  Dipole moment [Debye]
    X=    3.82654706 Y=   -0.56847107 Z=    1.36231332     Total=      4.10140456
  Reference Point [Bohr]           0.00000000    0.00000000    0.00000000
  Charges
    Electronic=    -16.00000000    Core=    16.00000000    Total=      0.00000000
  Dipoles are based on the traditional operator.
  Dipole moment [Debye]
    X=    3.81441962 Y=   -0.55500865 Z=    1.38514188     Total=      4.09590645
  Reference Point [Bohr]           0.00000000    0.00000000    0.00000000
  Charges
    Electronic=    -16.00000000    Core=    16.00000000    Total=      0.00000000
  Dipoles are based on the traditional operator.
  Dipole moment [Debye]
    X=    3.79414241 Y=   -0.54056016 Z=    1.40782013     Total=      4.08285188
  Reference Point [Bohr]           0.00000000    0.00000000    0.00000000
  Charges
    Electronic=    -16.00000000    Core=    16.00000000    Total=      0.00000000
  Dipoles are based on the traditional operator.
  Dipole moment [Debye]
    X=    3.76582895 Y=   -0.52635453 Z=    1.42985211     Total=      4.06238770
  Reference Point [Bohr]           0.00000000    0.00000000    0.00000000
  Charges
    Electronic=    -16.00000000    Core=    16.00000000    Total=     -0.00000000
  Dipoles are based on the traditional operator.
  Dipole moment [Debye]
    X=    3.73111080 Y=   -0.51414531 Z=    1.45037744     Total=      4.03597918
  Reference Point [Bohr]           0.00000000    0.00000000    0.00000000
  Charges
    Electronic=    -16.00000000    Core=    16.00000000    Total=      0.00000000
  Dipoles are based on the traditional operator.
  Dipole moment [Debye]
    X=    3.69139600 Y=   -0.50488727 Z=    1.46953736     Total=      4.00510370
  Reference Point [Bohr]           0.00000000    0.00000000    0.00000000
  Charges
    Electronic=    -16.00000000    Core=    16.00000000    Total=      0.00000000
  Dipoles are based on the traditional operator.
  Dipole moment [Debye]
    X=    3.64936009 Y=   -0.49953368 Z=    1.48723993     Total=      3.97230986
  Reference Point [Bohr]           0.00000000    0.00000000    0.00000000
  Charges
    Electronic=    -16.00000000    Core=    16.00000000    Total=     -0.00000000
  Dipoles are based on the traditional operator.
  Dipole moment [Debye]
    X=    3.60786079 Y=   -0.49817458 Z=    1.50377237     Total=      3.94032597
  Reference Point [Bohr]           0.00000000    0.00000000    0.00000000
  Charges
    Electronic=    -16.00000000    Core=    16.00000000    Total=      0.00000000
  Dipoles are based on the traditional operator.
  Dipole moment [Debye]
    X=    3.56595659 Y=   -0.50038909 Z=    1.52103371     Total=      3.90896140
  Reference Point [Bohr]           0.00000000    0.00000000    0.00000000
  Charges
    Electronic=    -16.00000000    Core=    16.00000000    Total=     -0.00000000
  Dipoles are based on the traditional operator.
  Dipole moment [Debye]
    X=    3.52593353 Y=   -0.50511541 Z=    1.53992516     Total=      3.88055645
  Reference Point [Bohr]           0.00000000    0.00000000    0.00000000
  Charges
    Electronic=    -16.00000000    Core=    16.00000000    Total=      0.00000000
  Dipoles are based on the traditional operator.
  Dipole moment [Debye]
    X=    3.49084684 Y=   -0.51072013 Z=    1.56093931     Total=      3.85789816
  Reference Point [Bohr]           0.00000000    0.00000000    0.00000000
  Charges
    Electronic=    -16.00000000    Core=    16.00000000    Total=      0.00000000
  Dipoles are based on the traditional operator.
  Dipole moment [Debye]
    X=    3.46117168 Y=   -0.51528990 Z=    1.58575143     Total=      3.84185380
  Reference Point [Bohr]           0.00000000    0.00000000    0.00000000
  Charges
    Electronic=    -16.00000000    Core=    16.00000000    Total=      0.00000000
  Dipoles are based on the traditional operator.
  Dipole moment [Debye]
    X=    3.43871535 Y=   -0.51682876 Z=    1.61437524     Total=      3.83380785
  Reference Point [Bohr]           0.00000000    0.00000000    0.00000000
  Charges
    Electronic=    -16.00000000    Core=    16.00000000    Total=     -0.00000000
  Dipoles are based on the traditional operator.
  Dipole moment [Debye]
    X=    3.42450044 Y=   -0.51384734 Z=    1.64588361     Total=      3.83408075
  Reference Point [Bohr]           0.00000000    0.00000000    0.00000000
  Charges
    Electronic=    -16.00000000    Core=    16.00000000    Total=      0.00000000
  Dipoles are based on the traditional operator.
  Dipole moment [Debye]
    X=    3.41762626 Y=   -0.50605013 Z=    1.67986216     Total=      3.84163935
  Reference Point [Bohr]           0.00000000    0.00000000    0.00000000
  Charges
    Electronic=    -16.00000000    Core=    16.00000000    Total=      0.00000000
  Dipoles are based on the traditional operator.
  Dipole moment [Debye]
    X=    3.41622325 Y=   -0.49299829 Z=    1.71879607     Total=      3.85589011
  Reference Point [Bohr]           0.00000000    0.00000000    0.00000000
  Charges
    Electronic=    -16.00000000    Core=    16.00000000    Total=      0.00000000
  Dipoles are based on the traditional operator.
  Dipole moment [Debye]
    X=    3.41875129 Y=   -0.47667296 Z=    1.75918192     Total=      3.87424812
  Reference Point [Bohr]           0.00000000    0.00000000    0.00000000
  Charges
    Electronic=    -16.00000000    Core=    16.00000000    Total=     -0.00000000
  Dipoles are based on the traditional operator.
  Dipole moment [Debye]
    X=    3.42346921 Y=   -0.45790347 Z=    1.80165122     Total=      3.89560831
  Reference Point [Bohr]           0.00000000    0.00000000    0.00000000
  Charges
    Electronic=    -16.00000000    Core=    16.00000000    Total=      0.00000000
  Dipoles are based on the traditional operator.
  Dipole moment [Debye]
    X=    3.42864921 Y=   -0.43847351 Z=    1.84517686     Total=      3.91823584
  Reference Point [Bohr]           0.00000000    0.00000000    0.00000000
  Charges
    Electronic=    -16.00000000    Core=    16.00000000    Total=      0.00000000
  Dipoles are based on the traditional operator.
  Dipole moment [Debye]
    X=    3.43275604 Y=   -0.41983748 Z=    1.88928897     Total=      3.94074744
  Reference Point [Bohr]           0.00000000    0.00000000    0.00000000
  Charges
    Electronic=    -16.00000000    Core=    16.00000000    Total=      0.00000000
  Dipoles are based on the traditional operator.
  Dipole moment [Debye]
    X=    3.43438228 Y=   -0.40441659 Z=    1.93120976     Total=      3.96082132
  Reference Point [Bohr]           0.00000000    0.00000000    0.00000000
  Charges
    Electronic=    -16.00000000    Core=    16.00000000    Total=      0.00000000
  Dipoles are based on the traditional operator.
  Dipole moment [Debye]
    X=    3.43280891 Y=   -0.39231940 Z=    1.97298082     Total=      3.97878686
  Reference Point [Bohr]           0.00000000    0.00000000    0.00000000
  Charges
    Electronic=    -16.00000000    Core=    16.00000000    Total=     -0.00000000
  Dipoles are based on the traditional operator.
  Dipole moment [Debye]
    X=    3.42755780 Y=   -0.38445010 Z=    2.01429027     Total=      3.99416069
  Reference Point [Bohr]           0.00000000    0.00000000    0.00000000
  Charges
    Electronic=    -16.00000000    Core=    16.00000000    Total=     -0.00000000
  Dipoles are based on the traditional operator.
  Dipole moment [Debye]
    X=    3.41877689 Y=   -0.38115069 Z=    2.05404230     Total=      4.00654478
  Reference Point [Bohr]           0.00000000    0.00000000    0.00000000
  Charges
    Electronic=    -16.00000000    Core=    16.00000000    Total=      0.00000000
  Dipoles are based on the traditional operator.
  Dipole moment [Debye]
    X=    3.40672049 Y=   -0.38213405 Z=    2.09318976     Total=      4.01661728
  Reference Point [Bohr]           0.00000000    0.00000000    0.00000000
  Charges
    Electronic=    -16.00000000    Core=    16.00000000    Total=     -0.00000000
  Dipoles are based on the traditional operator.
  Dipole moment [Debye]
    X=    3.39240843 Y=   -0.38640185 Z=    2.13126084     Total=      4.02492411
  Reference Point [Bohr]           0.00000000    0.00000000    0.00000000
  Charges
    Electronic=    -16.00000000    Core=    16.00000000    Total=      0.00000000
  Dipoles are based on the traditional operator.
  Dipole moment [Debye]
    X=    3.37717315 Y=   -0.39260346 Z=    2.16801069     Total=      4.03233262
  Reference Point [Bohr]           0.00000000    0.00000000    0.00000000
  Charges
    Electronic=    -16.00000000    Core=    16.00000000    Total=     -0.00000000
  Dipoles are based on the traditional operator.
  Dipole moment [Debye]
    X=    3.36150681 Y=   -0.39929652 Z=    2.20550937     Total=      4.04022739
  Reference Point [Bohr]           0.00000000    0.00000000    0.00000000
  Charges
    Electronic=    -16.00000000    Core=    16.00000000    Total=      0.00000000
  Dipoles are based on the traditional operator.
  Dipole moment [Debye]
    X=    3.34759315 Y=   -0.40444803 Z=    2.24147034     Total=      4.04896868
  Reference Point [Bohr]           0.00000000    0.00000000    0.00000000
  Charges
    Electronic=    -16.00000000    Core=    16.00000000    Total=      0.00000000
  Dipoles are based on the traditional operator.
  Dipole moment [Debye]
    X=    3.33497238 Y=   -0.40699226 Z=    2.27917059     Total=      4.05984015
  Reference Point [Bohr]           0.00000000    0.00000000    0.00000000
  Charges
    Electronic=    -16.00000000    Core=    16.00000000    Total=      0.00000000
  Dipoles are based on the traditional operator.
  Dipole moment [Debye]
    X=    3.32418704 Y=   -0.40590627 Z=    2.31765677     Total=      4.07265421
  Reference Point [Bohr]           0.00000000    0.00000000    0.00000000
  Charges
    Electronic=    -16.00000000    Core=    16.00000000    Total=     -0.00000000
  Dipoles are based on the traditional operator.
  Dipole moment [Debye]
    X=    3.31538529 Y=   -0.40077852 Z=    2.35473784     Total=      4.08621993
  Reference Point [Bohr]           0.00000000    0.00000000    0.00000000
  Charges
    Electronic=    -16.00000000    Core=    16.00000000    Total=     -0.00000000
  Dipoles are based on the traditional operator.
  Dipole moment [Debye]
    X=    3.30686687 Y=   -0.39138400 Z=    2.39284737     Total=      4.10052051
  Reference Point [Bohr]           0.00000000    0.00000000    0.00000000
  Charges
    Electronic=    -16.00000000    Core=    16.00000000    Total=      0.00000000
  Dipoles are based on the traditional operator.
  Dipole moment [Debye]
    X=    3.29798206 Y=   -0.37892078 Z=    2.42800833     Total=      4.11284465
  Reference Point [Bohr]           0.00000000    0.00000000    0.00000000
  Charges
    Electronic=    -16.00000000    Core=    16.00000000    Total=     -0.00000000
  Dipoles are based on the traditional operator.
  Dipole moment [Debye]
    X=    3.28671155 Y=   -0.36374830 Z=    2.46090888     Total=      4.12199687
  Reference Point [Bohr]           0.00000000    0.00000000    0.00000000
  Charges
    Electronic=    -16.00000000    Core=    16.00000000    Total=      0.00000000
  Dipoles are based on the traditional operator.
  Dipole moment [Debye]
    X=    3.27192397 Y=   -0.34733959 Z=    2.48929257     Total=      4.12585855
  Reference Point [Bohr]           0.00000000    0.00000000    0.00000000
  Charges
    Electronic=    -16.00000000    Core=    16.00000000    Total=     -0.00000000
  Dipoles are based on the traditional operator.
  Dipole moment [Debye]
    X=    3.25161734 Y=   -0.33019480 Z=    2.51347131     Total=      4.12305493
  Reference Point [Bohr]           0.00000000    0.00000000    0.00000000
  Charges
    Electronic=    -16.00000000    Core=    16.00000000    Total=      0.00000000
  Dipoles are based on the traditional operator.
  Dipole moment [Debye]
    X=    3.22498426 Y=   -0.31354083 Z=    2.53241035     Total=      4.11241213
  Reference Point [Bohr]           0.00000000    0.00000000    0.00000000
  Charges
    Electronic=    -16.00000000    Core=    16.00000000    Total=      0.00000000
  Dipoles are based on the traditional operator.
  Dipole moment [Debye]
    X=    3.19038365 Y=   -0.29796993 Z=    2.54634875     Total=      4.09282615
  Reference Point [Bohr]           0.00000000    0.00000000    0.00000000
  Charges
    Electronic=    -16.00000000    Core=    16.00000000    Total=     -0.00000000
  Dipoles are based on the traditional operator.
  Dipole moment [Debye]
    X=    3.14847443 Y=   -0.28475775 Z=    2.55481779     Total=      4.06461218
  Reference Point [Bohr]           0.00000000    0.00000000    0.00000000
  Charges
    Electronic=    -16.00000000    Core=    16.00000000    Total=      0.00000000
  Dipoles are based on the traditional operator.
  Dipole moment [Debye]
    X=    3.09502634 Y=   -0.27353564 Z=    2.55878181     Total=      4.02509306
  Reference Point [Bohr]           0.00000000    0.00000000    0.00000000
  Charges
    Electronic=    -16.00000000    Core=    16.00000000    Total=      0.00000000
  Dipoles are based on the traditional operator.
  Dipole moment [Debye]
    X=    3.03112808 Y=   -0.26513549 Z=    2.55839977     Total=      3.97535453
  Reference Point [Bohr]           0.00000000    0.00000000    0.00000000
  Charges
    Electronic=    -16.00000000    Core=    16.00000000    Total=      0.00000000
  Dipoles are based on the traditional operator.
  Dipole moment [Debye]
    X=    2.95743113 Y=   -0.25995038 Z=    2.55440543     Total=      3.91649846
  Reference Point [Bohr]           0.00000000    0.00000000    0.00000000
  Charges
    Electronic=    -16.00000000    Core=    16.00000000    Total=      0.00000000
  Dipoles are based on the traditional operator.
  Dipole moment [Debye]
    X=    2.87979241 Y=   -0.25797863 Z=    2.54813569     Total=      3.85392693
  Reference Point [Bohr]           0.00000000    0.00000000    0.00000000
  Charges
    Electronic=    -16.00000000    Core=    16.00000000    Total=      0.00000000
  Dipoles are based on the traditional operator.
  Dipole moment [Debye]
    X=    2.79751249 Y=   -0.25836229 Z=    2.54080635     Total=      3.78794458
  Reference Point [Bohr]           0.00000000    0.00000000    0.00000000
  Charges
    Electronic=    -16.00000000    Core=    16.00000000    Total=      0.00000000
  Dipoles are based on the traditional operator.
  Dipole moment [Debye]
    X=    2.71545208 Y=   -0.25965060 Z=    2.53414692     Total=      3.72330485
  Reference Point [Bohr]           0.00000000    0.00000000    0.00000000
  Charges
    Electronic=    -16.00000000    Core=    16.00000000    Total=     -0.00000000
  Dipoles are based on the traditional operator.
  Dipole moment [Debye]
    X=    2.63457498 Y=   -0.26012865 Z=    2.52955424     Total=      3.66159758
  Reference Point [Bohr]           0.00000000    0.00000000    0.00000000
  Charges
    Electronic=    -16.00000000    Core=    16.00000000    Total=      0.00000000
  Dipoles are based on the traditional operator.
  Dipole moment [Debye]
    X=    2.56161217 Y=   -0.25790696 Z=    2.52846557     Total=      3.60853309
  Reference Point [Bohr]           0.00000000    0.00000000    0.00000000
  Charges
    Electronic=    -16.00000000    Core=    16.00000000    Total=     -0.00000000
  Dipoles are based on the traditional operator.
  Dipole moment [Debye]
    X=    2.49559476 Y=   -0.25159746 Z=    2.53151433     Total=      3.56368619
  Reference Point [Bohr]           0.00000000    0.00000000    0.00000000
  Charges
    Electronic=    -16.00000000    Core=    16.00000000    Total=      0.00000000
  Dipoles are based on the traditional operator.
  Dipole moment [Debye]
    X=    2.43105045 Y=   -0.23959606 Z=    2.53927392     Total=      3.52353865
  Reference Point [Bohr]           0.00000000    0.00000000    0.00000000
  Charges
    Electronic=    -16.00000000    Core=    16.00000000    Total=     -0.00000000
  Dipoles are based on the traditional operator.
  Dipole moment [Debye]
    X=    2.37758670 Y=   -0.22370167 Z=    2.55024746     Total=      3.49381211
  Reference Point [Bohr]           0.00000000    0.00000000    0.00000000
  Charges
    Electronic=    -16.00000000    Core=    16.00000000    Total=     -0.00000000
  Dipoles are based on the traditional operator.
  Dipole moment [Debye]
    X=    2.32862772 Y=   -0.20316281 Z=    2.56481730     Total=      3.47016858
  Reference Point [Bohr]           0.00000000    0.00000000    0.00000000
  Charges
    Electronic=    -16.00000000    Core=    16.00000000    Total=      0.00000000
  Dipoles are based on the traditional operator.
  Dipole moment [Debye]
    X=    2.28521676 Y=   -0.18016066 Z=    2.58144241     Total=      3.45232073
  Reference Point [Bohr]           0.00000000    0.00000000    0.00000000
  Charges
    Electronic=    -16.00000000    Core=    16.00000000    Total=     -0.00000000
  Dipoles are based on the traditional operator.
  Dipole moment [Debye]
    X=    2.24665795 Y=   -0.15689942 Z=    2.59885020     Total=      3.43891142
  Reference Point [Bohr]           0.00000000    0.00000000    0.00000000
  Charges
    Electronic=    -16.00000000    Core=    16.00000000    Total=      0.00000000
  Dipoles are based on the traditional operator.
  Dipole moment [Debye]
    X=    2.21129182 Y=   -0.13515162 Z=    2.61630435     Total=      3.42828323
  Reference Point [Bohr]           0.00000000    0.00000000    0.00000000
  Charges
    Electronic=    -16.00000000    Core=    16.00000000    Total=     -0.00000000
  Dipoles are based on the traditional operator.
  Dipole moment [Debye]
    X=    2.18015146 Y=   -0.11787009 Z=    2.63209580     Total=      3.41977807
  Reference Point [Bohr]           0.00000000    0.00000000    0.00000000
  Charges
    Electronic=    -16.00000000    Core=    16.00000000    Total=      0.00000000
  Dipoles are based on the traditional operator.
  Dipole moment [Debye]
    X=    2.14841167 Y=   -0.10408373 Z=    2.64790021     Total=      3.41143396
  Reference Point [Bohr]           0.00000000    0.00000000    0.00000000
  Charges
    Electronic=    -16.00000000    Core=    16.00000000    Total=     -0.00000000
  Dipoles are based on the traditional operator.
  Dipole moment [Debye]
    X=    2.11784520 Y=   -0.09563344 Z=    2.66247238     Total=      3.40340612
  Reference Point [Bohr]           0.00000000    0.00000000    0.00000000
  Charges
    Electronic=    -16.00000000    Core=    16.00000000    Total=      0.00000000
  Dipoles are based on the traditional operator.
  Dipole moment [Debye]
    X=    2.08655087 Y=   -0.09211306 Z=    2.67681833     Total=      3.39522248
  Reference Point [Bohr]           0.00000000    0.00000000    0.00000000
  Charges
    Electronic=    -16.00000000    Core=    16.00000000    Total=     -0.00000000
  Dipoles are based on the traditional operator.
  Dipole moment [Debye]
    X=    2.05335625 Y=   -0.09313953 Z=    2.69186509     Total=      3.38689896
  Reference Point [Bohr]           0.00000000    0.00000000    0.00000000
  Charges
    Electronic=    -16.00000000    Core=    16.00000000    Total=      0.00000000
  Dipoles are based on the traditional operator.
  Dipole moment [Debye]
    X=    2.01957533 Y=   -0.09799737 Z=    2.70772220     Total=      3.37935608
