  Reference Point [Bohr]           0.00000000    0.00000000    0.00000000
  Charges
    Electronic=    -16.00000000    Core=    16.00000000    Total=      0.00000000
  Dipoles are based on the traditional operator.
  Dipole moment [Debye]
    X=    2.49807091 Y=   -0.03080641 Z=    0.01463139     Total=      2.49830370
  Reference Point [Bohr]           0.00000000    0.00000000    0.00000000
  Charges
    Electronic=    -16.00000000    Core=    16.00000000    Total=      0.00000000
  Dipoles are based on the traditional operator.
  Dipole moment [Debye]
    X=    2.66489279 Y=   -0.03014598 Z=    0.03654346     Total=      2.66531383
  Reference Point [Bohr]           0.00000000    0.00000000    0.00000000
  Charges
    Electronic=    -16.00000000    Core=    16.00000000    Total=      0.00000000
  Dipoles are based on the traditional operator.
  Dipole moment [Debye]
    X=    2.78101814 Y=   -0.03117323 Z=    0.09411775     Total=      2.78278490
  Reference Point [Bohr]           0.00000000    0.00000000    0.00000000
  Charges
    Electronic=    -16.00000000    Core=    16.00000000    Total=     -0.00000000
  Dipoles are based on the traditional operator.
  Dipole moment [Debye]
    X=    2.88185800 Y=   -0.03282647 Z=    0.12611516     Total=      2.88480296
  Reference Point [Bohr]           0.00000000    0.00000000    0.00000000
  Charges
    Electronic=    -16.00000000    Core=    16.00000000    Total=     -0.00000000
  Dipoles are based on the traditional operator.
  Dipole moment [Debye]
    X=    3.88975751 Y=   -0.04671411 Z=    0.45157882     Total=      3.91616127
  Reference Point [Bohr]           0.00000000    0.00000000    0.00000000
  Charges
    Electronic=    -16.00000000    Core=    16.00000000    Total=      0.00000000
  Dipoles are based on the traditional operator.
  Dipole moment [Debye]
    X=    2.94728000 Y=   -0.03399429 Z=    0.14650712     Total=      2.95111493
  Reference Point [Bohr]           0.00000000    0.00000000    0.00000000
  Charges
    Electronic=    -16.00000000    Core=    16.00000000    Total=      0.00000000
  Dipoles are based on the traditional operator.
  Dipole moment [Debye]
    X=    2.97601825 Y=   -0.03507527 Z=    0.15450109     Total=      2.98023246
  Reference Point [Bohr]           0.00000000    0.00000000    0.00000000
  Charges
    Electronic=    -16.00000000    Core=    16.00000000    Total=      0.00000000
  Dipoles are based on the traditional operator.
  Dipole moment [Debye]
    X=    2.96484550 Y=   -0.03503062 Z=    0.14386476     Total=      2.96854056
  Reference Point [Bohr]           0.00000000    0.00000000    0.00000000
  Charges
    Electronic=    -16.00000000    Core=    16.00000000    Total=     -0.00000000
  Dipoles are based on the traditional operator.
  Dipole moment [Debye]
    X=    2.92010840 Y=   -0.02929159 Z=    0.11350553     Total=      2.92246036
  Reference Point [Bohr]           0.00000000    0.00000000    0.00000000
  Charges
    Electronic=    -16.00000000    Core=    16.00000000    Total=      0.00000000
  Dipoles are based on the traditional operator.
  Dipole moment [Debye]
    X=    2.91793673 Y=   -0.02936295 Z=    0.11039998     Total=      2.92017210
  Reference Point [Bohr]           0.00000000    0.00000000    0.00000000
  Charges
    Electronic=    -16.00000000    Core=    16.00000000    Total=     -0.00000000
  Dipoles are based on the traditional operator.
  Dipole moment [Debye]
    X=    2.90185270 Y=   -0.02525876 Z=    0.08751242     Total=      2.90328185
  Reference Point [Bohr]           0.00000000    0.00000000    0.00000000
  Charges
    Electronic=    -16.00000000    Core=    16.00000000    Total=     -0.00000000
  Dipoles are based on the traditional operator.
  Dipole moment [Debye]
    X=    2.87720499 Y=   -0.01617747 Z=    0.03908285     Total=      2.87751589
  Reference Point [Bohr]           0.00000000    0.00000000    0.00000000
  Charges
    Electronic=    -16.00000000    Core=    16.00000000    Total=     -0.00000000
  Dipoles are based on the traditional operator.
  Dipole moment [Debye]
    X=    2.88431646 Y=   -0.01619416 Z=    0.03836499     Total=      2.88461706
  Reference Point [Bohr]           0.00000000    0.00000000    0.00000000
  Charges
    Electronic=    -16.00000000    Core=    16.00000000    Total=     -0.00000000
  Dipoles are based on the traditional operator.
  Dipole moment [Debye]
    X=    2.88765560 Y=   -0.01638829 Z=    0.02983707     Total=      2.88785624
  Reference Point [Bohr]           0.00000000    0.00000000    0.00000000
  Charges
    Electronic=    -16.00000000    Core=    16.00000000    Total=     -0.00000000
  Dipoles are based on the traditional operator.
  Dipole moment [Debye]
    X=    2.87762476 Y=   -0.01549938 Z=    0.01867078     Total=      2.87772707
  Reference Point [Bohr]           0.00000000    0.00000000    0.00000000
  Charges
    Electronic=    -16.00000000    Core=    16.00000000    Total=     -0.00000000
  Dipoles are based on the traditional operator.
  Dipole moment [Debye]
    X=    2.86618621 Y=   -0.01561219 Z=    0.01086222     Total=      2.86624931
  Reference Point [Bohr]           0.00000000    0.00000000    0.00000000
  Charges
    Electronic=    -16.00000000    Core=    16.00000000    Total=     -0.00000000
  Dipoles are based on the traditional operator.
  Dipole moment [Debye]
    X=    2.85367414 Y=   -0.01538929 Z=    0.00136795     Total=      2.85371597
  Reference Point [Bohr]           0.00000000    0.00000000    0.00000000
  Charges
    Electronic=    -16.00000000    Core=    16.00000000    Total=      0.00000000
  Dipoles are based on the traditional operator.
  Dipole moment [Debye]
    X=    2.82914954 Y=   -0.01529267 Z=   -0.01486628     Total=      2.82922993
  Reference Point [Bohr]           0.00000000    0.00000000    0.00000000
  Charges
    Electronic=    -16.00000000    Core=    16.00000000    Total=      0.00000000
  Dipoles are based on the traditional operator.
  Dipole moment [Debye]
    X=    2.80726447 Y=   -0.01472616 Z=   -0.02776484     Total=      2.80744039
  Reference Point [Bohr]           0.00000000    0.00000000    0.00000000
  Charges
    Electronic=    -16.00000000    Core=    16.00000000    Total=     -0.00000000
  Dipoles are based on the traditional operator.
  Dipole moment [Debye]
    X=    2.78795759 Y=   -0.01371943 Z=   -0.03570461     Total=      2.78821996
  Reference Point [Bohr]           0.00000000    0.00000000    0.00000000
  Charges
    Electronic=    -16.00000000    Core=    16.00000000    Total=      0.00000000
  Dipoles are based on the traditional operator.
  Dipole moment [Debye]
    X=    2.76989633 Y=   -0.01223743 Z=   -0.04161043     Total=      2.77023589
  Reference Point [Bohr]           0.00000000    0.00000000    0.00000000
  Charges
    Electronic=    -16.00000000    Core=    16.00000000    Total=      0.00000000
  Dipoles are based on the traditional operator.
  Dipole moment [Debye]
    X=    2.74198630 Y=   -0.00996542 Z=   -0.04842735     Total=      2.74243202
  Reference Point [Bohr]           0.00000000    0.00000000    0.00000000
  Charges
    Electronic=    -16.00000000    Core=    16.00000000    Total=     -0.00000000
  Dipoles are based on the traditional operator.
  Dipole moment [Debye]
    X=    2.70311830 Y=   -0.00741879 Z=   -0.05719568     Total=      2.70373352
  Reference Point [Bohr]           0.00000000    0.00000000    0.00000000
  Charges
    Electronic=    -16.00000000    Core=    16.00000000    Total=     -0.00000000
  Dipoles are based on the traditional operator.
  Dipole moment [Debye]
    X=    2.66265222 Y=   -0.00542536 Z=   -0.06442210     Total=      2.66343697
  Reference Point [Bohr]           0.00000000    0.00000000    0.00000000
  Charges
    Electronic=    -16.00000000    Core=    16.00000000    Total=      0.00000000
  Dipoles are based on the traditional operator.
  Dipole moment [Debye]
    X=    2.63947847 Y=   -0.00552961 Z=   -0.06756415     Total=      2.64034886
  Reference Point [Bohr]           0.00000000    0.00000000    0.00000000
  Charges
    Electronic=    -16.00000000    Core=    16.00000000    Total=      0.00000000
  Dipoles are based on the traditional operator.
  Dipole moment [Debye]
    X=    2.63413483 Y=   -0.00632149 Z=   -0.06781437     Total=      2.63501520
  Reference Point [Bohr]           0.00000000    0.00000000    0.00000000
  Charges
    Electronic=    -16.00000000    Core=    16.00000000    Total=      0.00000000
  Dipoles are based on the traditional operator.
  Dipole moment [Debye]
    X=    2.63559750 Y=   -0.00749451 Z=   -0.06759687     Total=      2.63647486
  Reference Point [Bohr]           0.00000000    0.00000000    0.00000000
  Charges
    Electronic=    -16.00000000    Core=    16.00000000    Total=      0.00000000
  Dipoles are based on the traditional operator.
  Dipole moment [Debye]
    X=    2.63559392 Y=   -0.00749585 Z=   -0.06760053     Total=      2.63647138
