  Reference Point [Bohr]           0.00000000    0.00000000    0.00000000
  Charges
    Electronic=     -8.00000000    Core=     8.00000000    Total=      0.00000000
  Dipoles are based on the traditional operator.
  Dipole moment [Debye]
    X=    0.90288019 Y=    0.03465599 Z=   -1.54829744     Total=      1.79265687
  Reference Point [Bohr]           0.00000000    0.00000000    0.00000000
  Charges
    Electronic=     -8.00000000    Core=     8.00000000    Total=      0.00000000
  Dipoles are based on the traditional operator.
  Dipole moment [Debye]
    X=    0.96418192 Y=    0.03578531 Z=   -1.60024301     Total=      1.86861046
  Reference Point [Bohr]           0.00000000    0.00000000    0.00000000
  Charges
    Electronic=     -8.00000000    Core=     8.00000000    Total=      0.00000000
  Dipoles are based on the traditional operator.
  Dipole moment [Debye]
    X=    1.04139225 Y=    0.02655655 Z=   -1.55944295     Total=      1.87538406
  Reference Point [Bohr]           0.00000000    0.00000000    0.00000000
  Charges
    Electronic=     -8.00000000    Core=     8.00000000    Total=      0.00000000
  Dipoles are based on the traditional operator.
  Dipole moment [Debye]
    X=    0.98524475 Y=    0.02506042 Z=   -1.56256812     Total=      1.84741830
  Reference Point [Bohr]           0.00000000    0.00000000    0.00000000
  Charges
    Electronic=     -8.00000000    Core=     8.00000000    Total=     -0.00000000
  Dipoles are based on the traditional operator.
  Dipole moment [Debye]
    X=    0.98054977 Y=    0.02176908 Z=   -1.57327099     Total=      1.85395074
  Reference Point [Bohr]           0.00000000    0.00000000    0.00000000
  Charges
    Electronic=     -8.00000000    Core=     8.00000000    Total=     -0.00000000
  Dipoles are based on the traditional operator.
  Dipole moment [Debye]
    X=    0.98875474 Y=    0.01970501 Z=   -1.56446202     Total=      1.85082837
  Reference Point [Bohr]           0.00000000    0.00000000    0.00000000
  Charges
    Electronic=     -8.00000000    Core=     8.00000000    Total=      0.00000000
  Dipoles are based on the traditional operator.
  Dipole moment [Debye]
    X=    0.98438279 Y=    0.02035766 Z=   -1.56306914     Total=      1.84732484
  Reference Point [Bohr]           0.00000000    0.00000000    0.00000000
  Charges
    Electronic=     -8.00000000    Core=     8.00000000    Total=     -0.00000000
  Dipoles are based on the traditional operator.
  Dipole moment [Debye]
    X=    0.98391638 Y=    0.02065794 Z=   -1.56262734     Total=      1.84670582
  Reference Point [Bohr]           0.00000000    0.00000000    0.00000000
  Charges
    Electronic=     -8.00000000    Core=     8.00000000    Total=      0.00000000
  Dipoles are based on the traditional operator.
  Dipole moment [Debye]
    X=    0.98391604 Y=    0.02065795 Z=   -1.56262746     Total=      1.84670574
