  Reference Point [Bohr]           0.00000000    0.00000000    0.00000000
  Charges
    Electronic=     -8.00000000    Core=     8.00000000    Total=      0.00000000
  Dipoles are based on the traditional operator.
  Dipole moment [Debye]
    X=    0.93923078 Y=    0.03593689 Z=   -1.61069588     Total=      1.86488260
  Reference Point [Bohr]           0.00000000    0.00000000    0.00000000
  Charges
    Electronic=     -8.00000000    Core=     8.00000000    Total=      0.00000000
  Dipoles are based on the traditional operator.
  Dipole moment [Debye]
    X=    0.97205957 Y=    0.03589350 Z=   -1.65386417     Total=      1.91871177
  Reference Point [Bohr]           0.00000000    0.00000000    0.00000000
  Charges
    Electronic=     -8.00000000    Core=     8.00000000    Total=      0.00000000
  Dipoles are based on the traditional operator.
  Dipole moment [Debye]
    X=    0.99781327 Y=    0.03311436 Z=   -1.63554480     Total=      1.91617710
  Reference Point [Bohr]           0.00000000    0.00000000    0.00000000
  Charges
    Electronic=     -8.00000000    Core=     8.00000000    Total=     -0.00000000
  Dipoles are based on the traditional operator.
  Dipole moment [Debye]
    X=    1.02937264 Y=    0.02947627 Z=   -1.62033710     Total=      1.91988781
  Reference Point [Bohr]           0.00000000    0.00000000    0.00000000
  Charges
    Electronic=     -8.00000000    Core=     8.00000000    Total=     -0.00000000
  Dipoles are based on the traditional operator.
  Dipole moment [Debye]
    X=    1.03397687 Y=    0.02614287 Z=   -1.61441538     Total=      1.91732330
  Reference Point [Bohr]           0.00000000    0.00000000    0.00000000
  Charges
    Electronic=     -8.00000000    Core=     8.00000000    Total=      0.00000000
  Dipoles are based on the traditional operator.
  Dipole moment [Debye]
    X=    1.02147386 Y=    0.02068456 Z=   -1.61512755     Total=      1.91114460
  Reference Point [Bohr]           0.00000000    0.00000000    0.00000000
  Charges
    Electronic=     -8.00000000    Core=     8.00000000    Total=      0.00000000
  Dipoles are based on the traditional operator.
  Dipole moment [Debye]
    X=    1.02016170 Y=    0.02103467 Z=   -1.61578714     Total=      1.91100508
  Reference Point [Bohr]           0.00000000    0.00000000    0.00000000
  Charges
    Electronic=     -8.00000000    Core=     8.00000000    Total=      0.00000000
  Dipoles are based on the traditional operator.
  Dipole moment [Debye]
    X=    1.02016170 Y=    0.02103449 Z=   -1.61578756     Total=      1.91100544
