  Reference Point [Bohr]           0.00000000    0.00000000    0.00000000
  Charges
    Electronic=    -16.00000000    Core=    16.00000000    Total=     -0.00000000
  Dipoles are based on the traditional operator.
  Dipole moment [Debye]
    X=    2.40722218 Y=   -0.02963508 Z=    0.01727122     Total=      2.40746654
  Reference Point [Bohr]           0.00000000    0.00000000    0.00000000
  Charges
    Electronic=    -16.00000000    Core=    16.00000000    Total=      0.00000000
  Dipoles are based on the traditional operator.
  Dipole moment [Debye]
    X=    2.53457009 Y=   -0.02600218 Z=    0.01999869     Total=      2.53478236
  Reference Point [Bohr]           0.00000000    0.00000000    0.00000000
  Charges
    Electronic=    -16.00000000    Core=    16.00000000    Total=      0.00000000
  Dipoles are based on the traditional operator.
  Dipole moment [Debye]
    X=    2.56092568 Y=   -0.03011758 Z=    0.03191037     Total=      2.56130156
  Reference Point [Bohr]           0.00000000    0.00000000    0.00000000
  Charges
    Electronic=    -16.00000000    Core=    16.00000000    Total=     -0.00000000
  Dipoles are based on the traditional operator.
  Dipole moment [Debye]
    X=    2.59157071 Y=   -0.03031412 Z=    0.05307212     Total=      2.59229133
  Reference Point [Bohr]           0.00000000    0.00000000    0.00000000
  Charges
    Electronic=    -16.00000000    Core=    16.00000000    Total=      0.00000000
  Dipoles are based on the traditional operator.
  Dipole moment [Debye]
    X=    2.63912046 Y=   -0.03796781 Z=    0.10970862     Total=      2.64167264
  Reference Point [Bohr]           0.00000000    0.00000000    0.00000000
  Charges
    Electronic=    -16.00000000    Core=    16.00000000    Total=     -0.00000000
  Dipoles are based on the traditional operator.
  Dipole moment [Debye]
    X=    2.58443716 Y=   -0.03243745 Z=    0.05885819     Total=      2.58531079
  Reference Point [Bohr]           0.00000000    0.00000000    0.00000000
  Charges
    Electronic=    -16.00000000    Core=    16.00000000    Total=     -0.00000000
  Dipoles are based on the traditional operator.
  Dipole moment [Debye]
    X=    2.59562234 Y=   -0.03114421 Z=    0.05437491     Total=      2.59637861
  Reference Point [Bohr]           0.00000000    0.00000000    0.00000000
  Charges
    Electronic=    -16.00000000    Core=    16.00000000    Total=     -0.00000000
  Dipoles are based on the traditional operator.
  Dipole moment [Debye]
    X=    2.59025850 Y=   -0.03558299 Z=    0.05095923     Total=      2.59100407
  Reference Point [Bohr]           0.00000000    0.00000000    0.00000000
  Charges
    Electronic=    -16.00000000    Core=    16.00000000    Total=      0.00000000
  Dipoles are based on the traditional operator.
  Dipole moment [Debye]
    X=    2.60120209 Y=   -0.02872359 Z=    0.04809017     Total=      2.60180515
  Reference Point [Bohr]           0.00000000    0.00000000    0.00000000
  Charges
    Electronic=    -16.00000000    Core=    16.00000000    Total=     -0.00000000
  Dipoles are based on the traditional operator.
  Dipole moment [Debye]
    X=    2.58824436 Y=   -0.02944888 Z=    0.03986884     Total=      2.58871892
  Reference Point [Bohr]           0.00000000    0.00000000    0.00000000
  Charges
    Electronic=    -16.00000000    Core=    16.00000000    Total=      0.00000000
  Dipoles are based on the traditional operator.
  Dipole moment [Debye]
    X=    2.59274647 Y=   -0.02830697 Z=    0.04176689     Total=      2.59323736
  Reference Point [Bohr]           0.00000000    0.00000000    0.00000000
  Charges
    Electronic=    -16.00000000    Core=    16.00000000    Total=      0.00000000
  Dipoles are based on the traditional operator.
  Dipole moment [Debye]
    X=    2.59371439 Y=   -0.02887479 Z=    0.04024426     Total=      2.59418729
  Reference Point [Bohr]           0.00000000    0.00000000    0.00000000
  Charges
    Electronic=    -16.00000000    Core=    16.00000000    Total=     -0.00000000
  Dipoles are based on the traditional operator.
  Dipole moment [Debye]
    X=    2.59371188 Y=   -0.02887496 Z=    0.04023875     Total=      2.59418470
