  Reference Point [Bohr]           0.00000000    0.00000000    0.00000000
  Charges
    Electronic=     -8.00000000    Core=     8.00000000    Total=      0.00000000
  Dipoles are based on the traditional operator.
  Dipole moment [Debye]
    X=    0.90288019 Y=    0.03465599 Z=   -1.54829744     Total=      1.79265687
  Reference Point [Bohr]           0.00000000    0.00000000    0.00000000
  Charges
    Electronic=     -8.00000000    Core=     8.00000000    Total=     -0.00000000
  Dipoles are based on the traditional operator.
  Dipole moment [Debye]
    X=    0.96413511 Y=    0.03578377 Z=   -1.60016156     Total=      1.86851652
  Reference Point [Bohr]           0.00000000    0.00000000    0.00000000
  Charges
    Electronic=     -8.00000000    Core=     8.00000000    Total=     -0.00000000
  Dipoles are based on the traditional operator.
  Dipole moment [Debye]
    X=    1.04146662 Y=    0.02655005 Z=   -1.55938848     Total=      1.87537997
  Reference Point [Bohr]           0.00000000    0.00000000    0.00000000
  Charges
    Electronic=     -8.00000000    Core=     8.00000000    Total=     -0.00000000
  Dipoles are based on the traditional operator.
  Dipole moment [Debye]
    X=    0.98525134 Y=    0.02507239 Z=   -1.56255079     Total=      1.84740732
  Reference Point [Bohr]           0.00000000    0.00000000    0.00000000
  Charges
    Electronic=     -8.00000000    Core=     8.00000000    Total=     -0.00000000
  Dipoles are based on the traditional operator.
  Dipole moment [Debye]
    X=    0.98052047 Y=    0.02177311 Z=   -1.57324336     Total=      1.85391184
  Reference Point [Bohr]           0.00000000    0.00000000    0.00000000
  Charges
    Electronic=     -8.00000000    Core=     8.00000000    Total=     -0.00000000
  Dipoles are based on the traditional operator.
  Dipole moment [Debye]
    X=    0.98872085 Y=    0.01970031 Z=   -1.56442703     Total=      1.85078063
  Reference Point [Bohr]           0.00000000    0.00000000    0.00000000
  Charges
    Electronic=     -8.00000000    Core=     8.00000000    Total=      0.00000000
  Dipoles are based on the traditional operator.
  Dipole moment [Debye]
    X=    0.98435034 Y=    0.02035698 Z=   -1.56302668     Total=      1.84727161
  Reference Point [Bohr]           0.00000000    0.00000000    0.00000000
  Charges
    Electronic=     -8.00000000    Core=     8.00000000    Total=     -0.00000000
  Dipoles are based on the traditional operator.
  Dipole moment [Debye]
    X=    0.98388446 Y=    0.02065794 Z=   -1.56258546     Total=      1.84665338
  Reference Point [Bohr]           0.00000000    0.00000000    0.00000000
  Charges
    Electronic=     -8.00000000    Core=     8.00000000    Total=      0.00000000
  Dipoles are based on the traditional operator.
  Dipole moment [Debye]
    X=    0.98388412 Y=    0.02065795 Z=   -1.56258558     Total=      1.84665330
