  Reference Point [Bohr]           0.00000000    0.00000000    0.00000000
  Charges
    Electronic=     -8.00000000    Core=     8.00000000    Total=      0.00000000
  Dipoles are based on the traditional operator.
  Dipole moment [Debye]
    X=    0.93923078 Y=    0.03593689 Z=   -1.61069588     Total=      1.86488260
  Reference Point [Bohr]           0.00000000    0.00000000    0.00000000
  Charges
    Electronic=     -8.00000000    Core=     8.00000000    Total=     -0.00000000
  Dipoles are based on the traditional operator.
  Dipole moment [Debye]
    X=    0.97200965 Y=    0.03589159 Z=   -1.65377821     Total=      1.91861235
  Reference Point [Bohr]           0.00000000    0.00000000    0.00000000
  Charges
    Electronic=     -8.00000000    Core=     8.00000000    Total=      0.00000000
  Dipoles are based on the traditional operator.
  Dipole moment [Debye]
    X=    0.99777962 Y=    0.03311294 Z=   -1.63548694     Total=      1.91611017
  Reference Point [Bohr]           0.00000000    0.00000000    0.00000000
  Charges
    Electronic=     -8.00000000    Core=     8.00000000    Total=      0.00000000
  Dipoles are based on the traditional operator.
  Dipole moment [Debye]
    X=    1.02935151 Y=    0.02947593 Z=   -1.62029982     Total=      1.91984501
  Reference Point [Bohr]           0.00000000    0.00000000    0.00000000
  Charges
    Electronic=     -8.00000000    Core=     8.00000000    Total=      0.00000000
  Dipoles are based on the traditional operator.
  Dipole moment [Debye]
    X=    1.03394645 Y=    0.02614513 Z=   -1.61438291     Total=      1.91727959
  Reference Point [Bohr]           0.00000000    0.00000000    0.00000000
  Charges
    Electronic=     -8.00000000    Core=     8.00000000    Total=      0.00000000
  Dipoles are based on the traditional operator.
  Dipole moment [Debye]
    X=    1.02142855 Y=    0.02068181 Z=   -1.61508416     Total=      1.91108368
  Reference Point [Bohr]           0.00000000    0.00000000    0.00000000
  Charges
    Electronic=     -8.00000000    Core=     8.00000000    Total=      0.00000000
  Dipoles are based on the traditional operator.
  Dipole moment [Debye]
    X=    1.02013326 Y=    0.02103470 Z=   -1.61573237     Total=      1.91094360
  Reference Point [Bohr]           0.00000000    0.00000000    0.00000000
  Charges
    Electronic=     -8.00000000    Core=     8.00000000    Total=      0.00000000
  Dipoles are based on the traditional operator.
  Dipole moment [Debye]
    X=    1.02013326 Y=    0.02103452 Z=   -1.61573279     Total=      1.91094395
