  Reference Point [Bohr]           0.00000000    0.00000000    0.00000000
  Charges
    Electronic=     -8.00000000    Core=     8.00000000    Total=      0.00000000
  Dipoles are based on the traditional operator.
  Dipole moment [Debye]
    X=    0.87977040 Y=    0.03376443 Z=   -1.50902447     Total=      1.74708066
  Reference Point [Bohr]           0.00000000    0.00000000    0.00000000
  Charges
    Electronic=     -8.00000000    Core=     8.00000000    Total=      0.00000000
  Dipoles are based on the traditional operator.
  Dipole moment [Debye]
    X=    0.88905609 Y=    0.02620198 Z=   -1.52544166     Total=      1.76580846
  Reference Point [Bohr]           0.00000000    0.00000000    0.00000000
  Charges
    Electronic=     -8.00000000    Core=     8.00000000    Total=     -0.00000000
  Dipoles are based on the traditional operator.
  Dipole moment [Debye]
    X=    0.89832287 Y=    0.02045095 Z=   -1.54171918     Total=      1.78446077
  Reference Point [Bohr]           0.00000000    0.00000000    0.00000000
  Charges
    Electronic=     -8.00000000    Core=     8.00000000    Total=      0.00000000
  Dipoles are based on the traditional operator.
  Dipole moment [Debye]
    X=    0.90790534 Y=    0.01670403 Z=   -1.55842662     Total=      1.80368086
  Reference Point [Bohr]           0.00000000    0.00000000    0.00000000
  Charges
    Electronic=     -8.00000000    Core=     8.00000000    Total=     -0.00000000
  Dipoles are based on the traditional operator.
  Dipole moment [Debye]
    X=    0.91672854 Y=    0.01550152 Z=   -1.57367416     Total=      1.82128578
  Reference Point [Bohr]           0.00000000    0.00000000    0.00000000
  Charges
    Electronic=     -8.00000000    Core=     8.00000000    Total=      0.00000000
  Dipoles are based on the traditional operator.
  Dipole moment [Debye]
    X=    0.92503878 Y=    0.01666216 Z=   -1.58789678     Total=      1.83776782
  Reference Point [Bohr]           0.00000000    0.00000000    0.00000000
  Charges
    Electronic=     -8.00000000    Core=     8.00000000    Total=      0.00000000
  Dipoles are based on the traditional operator.
  Dipole moment [Debye]
    X=    0.93362510 Y=    0.02019115 Z=   -1.60245308     Total=      1.85470196
  Reference Point [Bohr]           0.00000000    0.00000000    0.00000000
  Charges
    Electronic=     -8.00000000    Core=     8.00000000    Total=     -0.00000000
  Dipoles are based on the traditional operator.
  Dipole moment [Debye]
    X=    0.94108513 Y=    0.02523529 Z=   -1.61497153     Total=      1.86933439
  Reference Point [Bohr]           0.00000000    0.00000000    0.00000000
  Charges
    Electronic=     -8.00000000    Core=     8.00000000    Total=      0.00000000
  Dipoles are based on the traditional operator.
  Dipole moment [Debye]
    X=    0.94723030 Y=    0.03117733 Z=   -1.62516188     Total=      1.88132092
  Reference Point [Bohr]           0.00000000    0.00000000    0.00000000
  Charges
    Electronic=     -8.00000000    Core=     8.00000000    Total=      0.00000000
  Dipoles are based on the traditional operator.
  Dipole moment [Debye]
    X=    0.95171003 Y=    0.03710710 Z=   -1.63247293     Total=      1.88999915
  Reference Point [Bohr]           0.00000000    0.00000000    0.00000000
  Charges
    Electronic=     -8.00000000    Core=     8.00000000    Total=      0.00000000
  Dipoles are based on the traditional operator.
  Dipole moment [Debye]
    X=    0.95507045 Y=    0.04321592 Z=   -1.63783619     Total=      1.89645315
  Reference Point [Bohr]           0.00000000    0.00000000    0.00000000
  Charges
    Electronic=     -8.00000000    Core=     8.00000000    Total=     -0.00000000
  Dipoles are based on the traditional operator.
  Dipole moment [Debye]
    X=    0.95671396 Y=    0.04774415 Z=   -1.64032719     Total=      1.89954057
  Reference Point [Bohr]           0.00000000    0.00000000    0.00000000
  Charges
    Electronic=     -8.00000000    Core=     8.00000000    Total=      0.00000000
  Dipoles are based on the traditional operator.
  Dipole moment [Debye]
    X=    0.95692488 Y=    0.05052937 Z=   -1.64044829     Total=      1.89982343
  Reference Point [Bohr]           0.00000000    0.00000000    0.00000000
  Charges
    Electronic=     -8.00000000    Core=     8.00000000    Total=     -0.00000000
  Dipoles are based on the traditional operator.
  Dipole moment [Debye]
    X=    0.95581804 Y=    0.05170429 Z=   -1.63838948     Total=      1.89751984
  Reference Point [Bohr]           0.00000000    0.00000000    0.00000000
  Charges
    Electronic=     -8.00000000    Core=     8.00000000    Total=      0.00000000
  Dipoles are based on the traditional operator.
  Dipole moment [Debye]
    X=    0.95374996 Y=    0.05078026 Z=   -1.63479914     Total=      1.89335307
  Reference Point [Bohr]           0.00000000    0.00000000    0.00000000
  Charges
    Electronic=     -8.00000000    Core=     8.00000000    Total=     -0.00000000
  Dipoles are based on the traditional operator.
  Dipole moment [Debye]
    X=    0.95120670 Y=    0.04807589 Z=   -1.63049922     Total=      1.88828842
  Reference Point [Bohr]           0.00000000    0.00000000    0.00000000
  Charges
    Electronic=     -8.00000000    Core=     8.00000000    Total=     -0.00000000
  Dipoles are based on the traditional operator.
  Dipole moment [Debye]
    X=    0.94760587 Y=    0.04308114 Z=   -1.62451405     Total=      1.88118547
  Reference Point [Bohr]           0.00000000    0.00000000    0.00000000
  Charges
    Electronic=     -8.00000000    Core=     8.00000000    Total=      0.00000000
  Dipoles are based on the traditional operator.
  Dipole moment [Debye]
    X=    0.94389947 Y=    0.03742021 Z=   -1.61839152     Total=      1.87390971
  Reference Point [Bohr]           0.00000000    0.00000000    0.00000000
  Charges
    Electronic=     -8.00000000    Core=     8.00000000    Total=      0.00000000
  Dipoles are based on the traditional operator.
  Dipole moment [Debye]
    X=    0.93993906 Y=    0.03142995 Z=   -1.61185567     Total=      1.86615969
  Reference Point [Bohr]           0.00000000    0.00000000    0.00000000
  Charges
    Electronic=     -8.00000000    Core=     8.00000000    Total=      0.00000000
  Dipoles are based on the traditional operator.
  Dipole moment [Debye]
    X=    0.93541659 Y=    0.02535042 Z=   -1.60436118     Total=      1.85731570
  Reference Point [Bohr]           0.00000000    0.00000000    0.00000000
  Charges
    Electronic=     -8.00000000    Core=     8.00000000    Total=     -0.00000000
  Dipoles are based on the traditional operator.
  Dipole moment [Debye]
    X=    0.93051437 Y=    0.02023695 Z=   -1.59615968     Total=      1.84769917
  Reference Point [Bohr]           0.00000000    0.00000000    0.00000000
  Charges
    Electronic=     -8.00000000    Core=     8.00000000    Total=      0.00000000
  Dipoles are based on the traditional operator.
  Dipole moment [Debye]
    X=    0.92516303 Y=    0.01675502 Z=   -1.58709235     Total=      1.83713622
  Reference Point [Bohr]           0.00000000    0.00000000    0.00000000
  Charges
    Electronic=     -8.00000000    Core=     8.00000000    Total=      0.00000000
  Dipoles are based on the traditional operator.
  Dipole moment [Debye]
    X=    0.91995435 Y=    0.01568968 Z=   -1.57813122     Total=      1.82676225
  Reference Point [Bohr]           0.00000000    0.00000000    0.00000000
  Charges
    Electronic=     -8.00000000    Core=     8.00000000    Total=      0.00000000
  Dipoles are based on the traditional operator.
  Dipole moment [Debye]
    X=    0.91422237 Y=    0.01697702 Z=   -1.56813200     Total=      1.81524894
  Reference Point [Bohr]           0.00000000    0.00000000    0.00000000
  Charges
    Electronic=     -8.00000000    Core=     8.00000000    Total=      0.00000000
  Dipoles are based on the traditional operator.
  Dipole moment [Debye]
    X=    0.90788049 Y=    0.02054725 Z=   -1.55694925     Total=      1.80243173
  Reference Point [Bohr]           0.00000000    0.00000000    0.00000000
  Charges
    Electronic=     -8.00000000    Core=     8.00000000    Total=     -0.00000000
  Dipoles are based on the traditional operator.
  Dipole moment [Debye]
    X=    0.90111967 Y=    0.02591596 Z=   -1.54493974     Total=      1.78872219
  Reference Point [Bohr]           0.00000000    0.00000000    0.00000000
  Charges
    Electronic=     -8.00000000    Core=     8.00000000    Total=      0.00000000
  Dipoles are based on the traditional operator.
  Dipole moment [Debye]
    X=    0.89415491 Y=    0.03232916 Z=   -1.53251734     Total=      1.77458941
  Reference Point [Bohr]           0.00000000    0.00000000    0.00000000
  Charges
    Electronic=     -8.00000000    Core=     8.00000000    Total=     -0.00000000
  Dipoles are based on the traditional operator.
  Dipole moment [Debye]
    X=    0.88745592 Y=    0.03866894 Z=   -1.52055559     Total=      1.76101181
  Reference Point [Bohr]           0.00000000    0.00000000    0.00000000
  Charges
    Electronic=     -8.00000000    Core=     8.00000000    Total=      0.00000000
  Dipoles are based on the traditional operator.
  Dipole moment [Debye]
    X=    0.88049145 Y=    0.04477075 Z=   -1.50815208     Total=      1.74693798
  Reference Point [Bohr]           0.00000000    0.00000000    0.00000000
  Charges
    Electronic=     -8.00000000    Core=     8.00000000    Total=      0.00000000
  Dipoles are based on the traditional operator.
  Dipole moment [Debye]
    X=    0.87371796 Y=    0.04960908 Z=   -1.49615267     Total=      1.73329656
  Reference Point [Bohr]           0.00000000    0.00000000    0.00000000
  Charges
    Electronic=     -8.00000000    Core=     8.00000000    Total=      0.00000000
  Dipoles are based on the traditional operator.
  Dipole moment [Debye]
    X=    0.86700504 Y=    0.05268919 Z=   -1.48436168     Total=      1.71982659
  Reference Point [Bohr]           0.00000000    0.00000000    0.00000000
  Charges
    Electronic=     -8.00000000    Core=     8.00000000    Total=      0.00000000
  Dipoles are based on the traditional operator.
  Dipole moment [Debye]
    X=    0.86150013 Y=    0.05309238 Z=   -1.47481193     Total=      1.70882167
  Reference Point [Bohr]           0.00000000    0.00000000    0.00000000
  Charges
    Electronic=     -8.00000000    Core=     8.00000000    Total=      0.00000000
  Dipoles are based on the traditional operator.
  Dipole moment [Debye]
    X=    0.85827520 Y=    0.05095551 Z=   -1.46934265     Total=      1.70241024
  Reference Point [Bohr]           0.00000000    0.00000000    0.00000000
  Charges
    Electronic=     -8.00000000    Core=     8.00000000    Total=     -0.00000000
  Dipoles are based on the traditional operator.
  Dipole moment [Debye]
    X=    0.85561288 Y=    0.04522039 Z=   -1.46505164     Total=      1.69720199
  Reference Point [Bohr]           0.00000000    0.00000000    0.00000000
  Charges
    Electronic=     -8.00000000    Core=     8.00000000    Total=      0.00000000
  Dipoles are based on the traditional operator.
  Dipole moment [Debye]
    X=    0.85465273 Y=    0.03821521 Z=   -1.46376748     Total=      1.69543709
  Reference Point [Bohr]           0.00000000    0.00000000    0.00000000
  Charges
    Electronic=     -8.00000000    Core=     8.00000000    Total=      0.00000000
  Dipoles are based on the traditional operator.
  Dipole moment [Debye]
    X=    0.85536203 Y=    0.03077421 Z=   -1.46538560     Total=      1.69704043
